<?xml version="1.0" encoding="UTF-8"?>
<!-- Generated by org.testng.reporters.JUnitXMLReporter -->
<testsuite ignored="0" hostname="maryam" failures="0" tests="11" name="Command line test" time="444.621" errors="0" timestamp="2025-04-12T16:46:47 EET">
  <testcase classname="DeleteOrder" name="testCategories" time="35.333"/>
  <testcase classname="LoginWithReport" name="loginTest" time="42.371"/>
  <testcase classname="PlaceOrderWithReport" name="testPlaceOrder" time="83.442"/>
  <testcase classname="PriceValidation" name="testCartTotal" time="9.243"/>
  <testcase classname="SignupWithReport" name="testSignupValidation" time="63.239"/>
  <testcase classname="TestAddAllProductsToCart" name="testAddProductsToCart" time="67.566"/>
  <testcase classname="TestSlideNext" name="TestSlideNext" time="12.398"/>
  <testcase classname="NextPreviousButtonsFunctionality" name="testNextPreviousButtonsFunctionality" time="3.077"/>
  <testcase classname="AboutOpenningClossingFunctionality" name="TestAboutOpenningClossingFunctionality" time="3.236"/>
  <testcase classname="Categories_Logo" name="testCategories" time="11.968"/>
  <testcase classname="ContactFormTest" name="testContactForm" time="27.042"/>
</testsuite> <!-- Command line test -->
